{
  "stats": {
    "suites": 1,
    "tests": 1,
    "passes": 1,
    "pending": 0,
    "failures": 0,
    "start": "2022-04-03T19:18:16.738Z",
    "end": "2022-04-03T19:18:36.620Z",
    "duration": 19882,
    "testsRegistered": 1,
    "passPercent": 100,
    "pendingPercent": 0,
    "other": 0,
    "hasOther": false,
    "skipped": 0,
    "hasSkipped": false
  },
  "results": [
    {
      "uuid": "998c35cd-f122-41bf-b4ca-1a35e650d3bd",
      "title": "",
      "fullFile": "C:\\curso_CodeceptJS\\qazando-autommation\\steps\\students_test.js",
      "file": "\\steps\\students_test.js",
      "beforeHooks": [],
      "afterHooks": [],
      "tests": [],
      "suites": [
        {
          "uuid": "d9071836-7ec1-42b4-b41b-4988a3463dd7",
          "title": "Students",
          "fullFile": "C:\\curso_CodeceptJS\\qazando-autommation\\steps\\students_test.js",
          "file": "\\steps\\students_test.js",
          "beforeHooks": [
            {
              "title": "\"before all\" hook: codeceptjs.beforeSuite in \"Students\"",
              "fullTitle": "Students \"before all\" hook: codeceptjs.beforeSuite in \"Students\"",
              "timedOut": false,
              "duration": 2,
              "state": null,
              "speed": null,
              "pass": false,
              "fail": false,
              "pending": false,
              "context": null,
              "code": "scenario.suiteSetup(suite)",
              "err": {},
              "uuid": "9cf44bc2-2af9-44ca-a1df-5b78eeef58d5",
              "parentUUID": "d9071836-7ec1-42b4-b41b-4988a3463dd7",
              "isHook": true,
              "skipped": false
            },
            {
              "title": "\"before each\" hook: codeceptjs.before in \"Students\"",
              "fullTitle": "Students \"before each\" hook: codeceptjs.before in \"Students\"",
              "timedOut": false,
              "duration": 7868,
              "state": null,
              "speed": null,
              "pass": false,
              "fail": false,
              "pending": false,
              "context": null,
              "code": "scenario.setup(suite)",
              "err": {},
              "uuid": "86d3c20d-dece-48c1-84a5-23f6f1638936",
              "parentUUID": "d9071836-7ec1-42b4-b41b-4988a3463dd7",
              "isHook": true,
              "skipped": false
            }
          ],
          "afterHooks": [
            {
              "title": "\"after all\" hook: codeceptjs.afterSuite in \"Students\"",
              "fullTitle": "Students \"after all\" hook: codeceptjs.afterSuite in \"Students\"",
              "timedOut": false,
              "duration": 0,
              "state": null,
              "speed": null,
              "pass": false,
              "fail": false,
              "pending": false,
              "context": null,
              "code": "scenario.suiteTeardown(suite)",
              "err": {},
              "uuid": "a62d2e59-3f7a-45d1-a604-e4134964715f",
              "parentUUID": "d9071836-7ec1-42b4-b41b-4988a3463dd7",
              "isHook": true,
              "skipped": false
            },
            {
              "title": "\"after each\" hook: finalize codeceptjs in \"Students\"",
              "fullTitle": "Students \"after each\" hook: finalize codeceptjs in \"Students\"",
              "timedOut": false,
              "duration": 702,
              "state": null,
              "speed": null,
              "pass": false,
              "fail": false,
              "pending": false,
              "context": null,
              "code": "scenario.teardown(suite)",
              "err": {},
              "uuid": "b219a08e-612e-4c82-80f3-f2d62ad8f7dc",
              "parentUUID": "d9071836-7ec1-42b4-b41b-4988a3463dd7",
              "isHook": true,
              "skipped": false
            }
          ],
          "tests": [
            {
              "title": "Add student with success",
              "fullTitle": "Students: Add student with success",
              "timedOut": false,
              "duration": 11301,
              "state": "passed",
              "speed": "slow",
              "pass": true,
              "fail": false,
              "pending": false,
              "context": null,
              "code": "const myCode = code.getCode()\nconst myName = name.getName()\nlogin_page.doLogin('teste@teste.com', '123456')\nhome_page.registerStudent(myCode, myName)\nhome_page.searchStudent(myName, myCode)",
              "err": {},
              "uuid": "7d722776-10af-4a08-8406-48521d17ecda",
              "parentUUID": "d9071836-7ec1-42b4-b41b-4988a3463dd7",
              "isHook": false,
              "skipped": false
            }
          ],
          "suites": [],
          "passes": [
            "7d722776-10af-4a08-8406-48521d17ecda"
          ],
          "failures": [],
          "pending": [],
          "skipped": [],
          "duration": 11301,
          "root": false,
          "rootEmpty": false,
          "_timeout": 0
        }
      ],
      "passes": [],
      "failures": [],
      "pending": [],
      "skipped": [],
      "duration": 0,
      "root": true,
      "rootEmpty": true,
      "_timeout": 0
    }
  ],
  "meta": {
    "mocha": {
      "version": "9.2.2"
    },
    "mochawesome": {
      "options": {
        "quiet": false,
        "reportFilename": "mochawesome",
        "saveHtml": true,
        "saveJson": true,
        "consoleReporter": "spec",
        "useInlineDiffs": false,
        "code": true
      },
      "version": "7.1.3"
    },
    "marge": {
      "options": {},
      "version": "6.2.0"
    }
  }
}